[2024-02-11 03:03:44] local.ERROR: syntax error, unexpected token "}" {"view":{"view":"E:\\Fate\\UKM\\BNCC\\Backend BNCC\\LnT Mid Project\\LnTMidProject_BE-I_Fatecha Rizqi Putra Prasetyo\\LnTMidProject\\resources\\views\\welcome.blade.php","data":{"errors":"<pre class=sf-dump id=sf-dump-335830730 data-indent-pad=\"  \"><span class=sf-dump-note>Illuminate\\Support\\ViewErrorBag</span> {<a class=sf-dump-ref>#278</a><samp data-depth=1 class=sf-dump-expanded>
  #<span class=sf-dump-protected title=\"Protected property\">bags</span>: []
</samp>}
</pre><script>Sfdump(\"sf-dump-335830730\", {\"maxDepth\":3,\"maxStringLength\":160})</script>
"}},"exception":"[object] (Spatie\\LaravelIgnition\\Exceptions\\ViewException(code: 0): syntax error, unexpected token \"}\" at E:\\Fate\\UKM\\BNCC\\Backend BNCC\\LnT Mid Project\\LnTMidProject_BE-I_Fatecha Rizqi Putra Prasetyo\\LnTMidProject\\resources\\views\\welcome.blade.php:12)
[stacktrace]
#0 E:\\Fate\\UKM\\BNCC\\Backend BNCC\\LnT Mid Project\\LnTMidProject_BE-I_Fatecha Rizqi Putra Prasetyo\\LnTMidProject\\vendor\\laravel\\framework\\src\\Illuminate\\Filesystem\\Filesystem.php(125): Illuminate\\Filesystem\\Filesystem::Illuminate\\Filesystem\\{closure}()
#1 E:\\Fate\\UKM\\BNCC\\Backend BNCC\\LnT Mid Project\\LnTMidProject_BE-I_Fatecha Rizqi Putra Prasetyo\\LnTMidProject\\vendor\\laravel\\framework\\src\\Illuminate\\View\\Engines\\PhpEngine.php(58): Illuminate\\Filesystem\\Filesystem->getRequire('E:\\\\Fate\\\\UKM\\\\BNC...', Array)
#2 E:\\Fate\\UKM\\BNCC\\Backend BNCC\\LnT Mid Project\\LnTMidProject_BE-I_Fatecha Rizqi Putra Prasetyo\\LnTMidProject\\vendor\\laravel\\framework\\src\\Illuminate\\View\\Engines\\CompilerEngine.php(72): Illuminate\\View\\Engines\\PhpEngine->evaluatePath('E:\\\\Fate\\\\UKM\\\\BNC...', Array)
#3 E:\\Fate\\UKM\\BNCC\\Backend BNCC\\LnT Mid Project\\LnTMidProject_BE-I_Fatecha Rizqi Putra Prasetyo\\LnTMidProject\\vendor\\laravel\\framework\\src\\Illuminate\\View\\View.php(207): Illuminate\\View\\Engines\\CompilerEngine->get('E:\\\\Fate\\\\UKM\\\\BNC...', Array)
#4 E:\\Fate\\UKM\\BNCC\\Backend BNCC\\LnT Mid Project\\LnTMidProject_BE-I_Fatecha Rizqi Putra Prasetyo\\LnTMidProject\\vendor\\laravel\\framework\\src\\Illuminate\\View\\View.php(190): Illuminate\\View\\View->getContents()
#5 E:\\Fate\\UKM\\BNCC\\Backend BNCC\\LnT Mid Project\\LnTMidProject_BE-I_Fatecha Rizqi Putra Prasetyo\\LnTMidProject\\vendor\\laravel\\framework\\src\\Illuminate\\View\\View.php(159): Illuminate\\View\\View->renderContents()
#6 E:\\Fate\\UKM\\BNCC\\Backend BNCC\\LnT Mid Project\\LnTMidProject_BE-I_Fatecha Rizqi Putra Prasetyo\\LnTMidProject\\vendor\\laravel\\framework\\src\\Illuminate\\Http\\Response.php(69): Illuminate\\View\\View->render()
#7 E:\\Fate\\UKM\\BNCC\\Backend BNCC\\LnT Mid Project\\LnTMidProject_BE-I_Fatecha Rizqi Putra Prasetyo\\LnTMidProject\\vendor\\laravel\\framework\\src\\Illuminate\\Http\\Response.php(35): Illuminate\\Http\\Response->setContent(Object(Illuminate\\View\\View))
#8 E:\\Fate\\UKM\\BNCC\\Backend BNCC\\LnT Mid Project\\LnTMidProject_BE-I_Fatecha Rizqi Putra Prasetyo\\LnTMidProject\\vendor\\laravel\\framework\\src\\Illuminate\\Routing\\Router.php(918): Illuminate\\Http\\Response->__construct(Object(Illuminate\\View\\View), 200, Array)
#9 E:\\Fate\\UKM\\BNCC\\Backend BNCC\\LnT Mid Project\\LnTMidProject_BE-I_Fatecha Rizqi Putra Prasetyo\\LnTMidProject\\vendor\\laravel\\framework\\src\\Illuminate\\Routing\\Router.php(885): Illuminate\\Routing\\Router::toResponse(Object(Illuminate\\Http\\Request), Object(Illuminate\\View\\View))
#10 E:\\Fate\\UKM\\BNCC\\Backend BNCC\\LnT Mid Project\\LnTMidProject_BE-I_Fatecha Rizqi Putra Prasetyo\\LnTMidProject\\vendor\\laravel\\framework\\src\\Illuminate\\Routing\\Router.php(805): Illuminate\\Routing\\Router->prepareResponse(Object(Illuminate\\Http\\Request), Object(Illuminate\\View\\View))
#11 E:\\Fate\\UKM\\BNCC\\Backend BNCC\\LnT Mid Project\\LnTMidProject_BE-I_Fatecha Rizqi Putra Prasetyo\\LnTMidProject\\vendor\\laravel\\framework\\src\\Illuminate\\Pipeline\\Pipeline.php(144): Illuminate\\Routing\\Router->Illuminate\\Routing\\{closure}(Object(Illuminate\\Http\\Request))
#12 E:\\Fate\\UKM\\BNCC\\Backend BNCC\\LnT Mid Project\\LnTMidProject_BE-I_Fatecha Rizqi Putra Prasetyo\\LnTMidProject\\vendor\\laravel\\framework\\src\\Illuminate\\Routing\\Middleware\\SubstituteBindings.php(50): Illuminate\\Pipeline\\Pipeline->Illuminate\\Pipeline\\{closure}(Object(Illuminate\\Http\\Request))
#13 E:\\Fate\\UKM\\BNCC\\Backend BNCC\\LnT Mid Project\\LnTMidProject_BE-I_Fatecha Rizqi Putra Prasetyo\\LnTMidProject\\vendor\\laravel\\framework\\src\\Illuminate\\Pipeline\\Pipeline.php(183): Illuminate\\Routing\\Middleware\\SubstituteBindings->handle(Object(Illuminate\\Http\\Request), Object(Closure))
#14 E:\\Fate\\UKM\\BNCC\\Backend BNCC\\LnT Mid Project\\LnTMidProject_BE-I_Fatecha Rizqi Putra Prasetyo\\LnTMidProject\\vendor\\laravel\\framework\\src\\Illuminate\\Foundation\\Http\\Middleware\\VerifyCsrfToken.php(78): Illuminate\\Pipeline\\Pipeline->Illuminate\\Pipeline\\{closure}(Object(Illuminate\\Http\\Request))
#15 E:\\Fate\\UKM\\BNCC\\Backend BNCC\\LnT Mid Project\\LnTMidProject_BE-I_Fatecha Rizqi Putra Prasetyo\\LnTMidProject\\vendor\\laravel\\framework\\src\\Illuminate\\Pipeline\\Pipeline.php(183): Illuminate\\Foundation\\Http\\Middleware\\VerifyCsrfToken->handle(Object(Illuminate\\Http\\Request), Object(Closure))
#16 E:\\Fate\\UKM\\BNCC\\Backend BNCC\\LnT Mid Project\\LnTMidProject_BE-I_Fatecha Rizqi Putra Prasetyo\\LnTMidProject\\vendor\\laravel\\framework\\src\\Illuminate\\View\\Middleware\\ShareErrorsFromSession.php(49): Illuminate\\Pipeline\\Pipeline->Illuminate\\Pipeline\\{closure}(Object(Illuminate\\Http\\Request))
#17 E:\\Fate\\UKM\\BNCC\\Backend BNCC\\LnT Mid Project\\LnTMidProject_BE-I_Fatecha Rizqi Putra Prasetyo\\LnTMidProject\\vendor\\laravel\\framework\\src\\Illuminate\\Pipeline\\Pipeline.php(183): Illuminate\\View\\Middleware\\ShareErrorsFromSession->handle(Object(Illuminate\\Http\\Request), Object(Closure))
#18 E:\\Fate\\UKM\\BNCC\\Backend BNCC\\LnT Mid Project\\LnTMidProject_BE-I_Fatecha Rizqi Putra Prasetyo\\LnTMidProject\\vendor\\laravel\\framework\\src\\Illuminate\\Session\\Middleware\\StartSession.php(121): Illuminate\\Pipeline\\Pipeline->Illuminate\\Pipeline\\{closure}(Object(Illuminate\\Http\\Request))
#19 E:\\Fate\\UKM\\BNCC\\Backend BNCC\\LnT Mid Project\\LnTMidProject_BE-I_Fatecha Rizqi Putra Prasetyo\\LnTMidProject\\vendor\\laravel\\framework\\src\\Illuminate\\Session\\Middleware\\StartSession.php(64): Illuminate\\Session\\Middleware\\StartSession->handleStatefulRequest(Object(Illuminate\\Http\\Request), Object(Illuminate\\Session\\Store), Object(Closure))
#20 E:\\Fate\\UKM\\BNCC\\Backend BNCC\\LnT Mid Project\\LnTMidProject_BE-I_Fatecha Rizqi Putra Prasetyo\\LnTMidProject\\vendor\\laravel\\framework\\src\\Illuminate\\Pipeline\\Pipeline.php(183): Illuminate\\Session\\Middleware\\StartSession->handle(Object(Illuminate\\Http\\Request), Object(Closure))
#21 E:\\Fate\\UKM\\BNCC\\Backend BNCC\\LnT Mid Project\\LnTMidProject_BE-I_Fatecha Rizqi Putra Prasetyo\\LnTMidProject\\vendor\\laravel\\framework\\src\\Illuminate\\Cookie\\Middleware\\AddQueuedCookiesToResponse.php(37): Illuminate\\Pipeline\\Pipeline->Illuminate\\Pipeline\\{closure}(Object(Illuminate\\Http\\Request))
#22 E:\\Fate\\UKM\\BNCC\\Backend BNCC\\LnT Mid Project\\LnTMidProject_BE-I_Fatecha Rizqi Putra Prasetyo\\LnTMidProject\\vendor\\laravel\\framework\\src\\Illuminate\\Pipeline\\Pipeline.php(183): Illuminate\\Cookie\\Middleware\\AddQueuedCookiesToResponse->handle(Object(Illuminate\\Http\\Request), Object(Closure))
#23 E:\\Fate\\UKM\\BNCC\\Backend BNCC\\LnT Mid Project\\LnTMidProject_BE-I_Fatecha Rizqi Putra Prasetyo\\LnTMidProject\\vendor\\laravel\\framework\\src\\Illuminate\\Cookie\\Middleware\\EncryptCookies.php(67): Illuminate\\Pipeline\\Pipeline->Illuminate\\Pipeline\\{closure}(Object(Illuminate\\Http\\Request))
#24 E:\\Fate\\UKM\\BNCC\\Backend BNCC\\LnT Mid Project\\LnTMidProject_BE-I_Fatecha Rizqi Putra Prasetyo\\LnTMidProject\\vendor\\laravel\\framework\\src\\Illuminate\\Pipeline\\Pipeline.php(183): Illuminate\\Cookie\\Middleware\\EncryptCookies->handle(Object(Illuminate\\Http\\Request), Object(Closure))
#25 E:\\Fate\\UKM\\BNCC\\Backend BNCC\\LnT Mid Project\\LnTMidProject_BE-I_Fatecha Rizqi Putra Prasetyo\\LnTMidProject\\vendor\\laravel\\framework\\src\\Illuminate\\Pipeline\\Pipeline.php(119): Illuminate\\Pipeline\\Pipeline->Illuminate\\Pipeline\\{closure}(Object(Illuminate\\Http\\Request))
#26 E:\\Fate\\UKM\\BNCC\\Backend BNCC\\LnT Mid Project\\LnTMidProject_BE-I_Fatecha Rizqi Putra Prasetyo\\LnTMidProject\\vendor\\laravel\\framework\\src\\Illuminate\\Routing\\Router.php(805): Illuminate\\Pipeline\\Pipeline->then(Object(Closure))
#27 E:\\Fate\\UKM\\BNCC\\Backend BNCC\\LnT Mid Project\\LnTMidProject_BE-I_Fatecha Rizqi Putra Prasetyo\\LnTMidProject\\vendor\\laravel\\framework\\src\\Illuminate\\Routing\\Router.php(784): Illuminate\\Routing\\Router->runRouteWithinStack(Object(Illuminate\\Routing\\Route), Object(Illuminate\\Http\\Request))
#28 E:\\Fate\\UKM\\BNCC\\Backend BNCC\\LnT Mid Project\\LnTMidProject_BE-I_Fatecha Rizqi Putra Prasetyo\\LnTMidProject\\vendor\\laravel\\framework\\src\\Illuminate\\Routing\\Router.php(748): Illuminate\\Routing\\Router->runRoute(Object(Illuminate\\Http\\Request), Object(Illuminate\\Routing\\Route))
#29 E:\\Fate\\UKM\\BNCC\\Backend BNCC\\LnT Mid Project\\LnTMidProject_BE-I_Fatecha Rizqi Putra Prasetyo\\LnTMidProject\\vendor\\laravel\\framework\\src\\Illuminate\\Routing\\Router.php(737): Illuminate\\Routing\\Router->dispatchToRoute(Object(Illuminate\\Http\\Request))
#30 E:\\Fate\\UKM\\BNCC\\Backend BNCC\\LnT Mid Project\\LnTMidProject_BE-I_Fatecha Rizqi Putra Prasetyo\\LnTMidProject\\vendor\\laravel\\framework\\src\\Illuminate\\Foundation\\Http\\Kernel.php(200): Illuminate\\Routing\\Router->dispatch(Object(Illuminate\\Http\\Request))
#31 E:\\Fate\\UKM\\BNCC\\Backend BNCC\\LnT Mid Project\\LnTMidProject_BE-I_Fatecha Rizqi Putra Prasetyo\\LnTMidProject\\vendor\\laravel\\framework\\src\\Illuminate\\Pipeline\\Pipeline.php(144): Illuminate\\Foundation\\Http\\Kernel->Illuminate\\Foundation\\Http\\{closure}(Object(Illuminate\\Http\\Request))
#32 E:\\Fate\\UKM\\BNCC\\Backend BNCC\\LnT Mid Project\\LnTMidProject_BE-I_Fatecha Rizqi Putra Prasetyo\\LnTMidProject\\vendor\\laravel\\framework\\src\\Illuminate\\Foundation\\Http\\Middleware\\TransformsRequest.php(21): Illuminate\\Pipeline\\Pipeline->Illuminate\\Pipeline\\{closure}(Object(Illuminate\\Http\\Request))
#33 E:\\Fate\\UKM\\BNCC\\Backend BNCC\\LnT Mid Project\\LnTMidProject_BE-I_Fatecha Rizqi Putra Prasetyo\\LnTMidProject\\vendor\\laravel\\framework\\src\\Illuminate\\Foundation\\Http\\Middleware\\ConvertEmptyStringsToNull.php(31): Illuminate\\Foundation\\Http\\Middleware\\TransformsRequest->handle(Object(Illuminate\\Http\\Request), Object(Closure))
#34 E:\\Fate\\UKM\\BNCC\\Backend BNCC\\LnT Mid Project\\LnTMidProject_BE-I_Fatecha Rizqi Putra Prasetyo\\LnTMidProject\\vendor\\laravel\\framework\\src\\Illuminate\\Pipeline\\Pipeline.php(183): Illuminate\\Foundation\\Http\\Middleware\\ConvertEmptyStringsToNull->handle(Object(Illuminate\\Http\\Request), Object(Closure))
#35 E:\\Fate\\UKM\\BNCC\\Backend BNCC\\LnT Mid Project\\LnTMidProject_BE-I_Fatecha Rizqi Putra Prasetyo\\LnTMidProject\\vendor\\laravel\\framework\\src\\Illuminate\\Foundation\\Http\\Middleware\\TransformsRequest.php(21): Illuminate\\Pipeline\\Pipeline->Illuminate\\Pipeline\\{closure}(Object(Illuminate\\Http\\Request))
#36 E:\\Fate\\UKM\\BNCC\\Backend BNCC\\LnT Mid Project\\LnTMidProject_BE-I_Fatecha Rizqi Putra Prasetyo\\LnTMidProject\\vendor\\laravel\\framework\\src\\Illuminate\\Foundation\\Http\\Middleware\\TrimStrings.php(40): Illuminate\\Foundation\\Http\\Middleware\\TransformsRequest->handle(Object(Illuminate\\Http\\Request), Object(Closure))
#37 E:\\Fate\\UKM\\BNCC\\Backend BNCC\\LnT Mid Project\\LnTMidProject_BE-I_Fatecha Rizqi Putra Prasetyo\\LnTMidProject\\vendor\\laravel\\framework\\src\\Illuminate\\Pipeline\\Pipeline.php(183): Illuminate\\Foundation\\Http\\Middleware\\TrimStrings->handle(Object(Illuminate\\Http\\Request), Object(Closure))
#38 E:\\Fate\\UKM\\BNCC\\Backend BNCC\\LnT Mid Project\\LnTMidProject_BE-I_Fatecha Rizqi Putra Prasetyo\\LnTMidProject\\vendor\\laravel\\framework\\src\\Illuminate\\Foundation\\Http\\Middleware\\ValidatePostSize.php(27): Illuminate\\Pipeline\\Pipeline->Illuminate\\Pipeline\\{closure}(Object(Illuminate\\Http\\Request))
#39 E:\\Fate\\UKM\\BNCC\\Backend BNCC\\LnT Mid Project\\LnTMidProject_BE-I_Fatecha Rizqi Putra Prasetyo\\LnTMidProject\\vendor\\laravel\\framework\\src\\Illuminate\\Pipeline\\Pipeline.php(183): Illuminate\\Foundation\\Http\\Middleware\\ValidatePostSize->handle(Object(Illuminate\\Http\\Request), Object(Closure))
#40 E:\\Fate\\UKM\\BNCC\\Backend BNCC\\LnT Mid Project\\LnTMidProject_BE-I_Fatecha Rizqi Putra Prasetyo\\LnTMidProject\\vendor\\laravel\\framework\\src\\Illuminate\\Foundation\\Http\\Middleware\\PreventRequestsDuringMaintenance.php(99): Illuminate\\Pipeline\\Pipeline->Illuminate\\Pipeline\\{closure}(Object(Illuminate\\Http\\Request))
#41 E:\\Fate\\UKM\\BNCC\\Backend BNCC\\LnT Mid Project\\LnTMidProject_BE-I_Fatecha Rizqi Putra Prasetyo\\LnTMidProject\\vendor\\laravel\\framework\\src\\Illuminate\\Pipeline\\Pipeline.php(183): Illuminate\\Foundation\\Http\\Middleware\\PreventRequestsDuringMaintenance->handle(Object(Illuminate\\Http\\Request), Object(Closure))
#42 E:\\Fate\\UKM\\BNCC\\Backend BNCC\\LnT Mid Project\\LnTMidProject_BE-I_Fatecha Rizqi Putra Prasetyo\\LnTMidProject\\vendor\\laravel\\framework\\src\\Illuminate\\Http\\Middleware\\HandleCors.php(49): Illuminate\\Pipeline\\Pipeline->Illuminate\\Pipeline\\{closure}(Object(Illuminate\\Http\\Request))
#43 E:\\Fate\\UKM\\BNCC\\Backend BNCC\\LnT Mid Project\\LnTMidProject_BE-I_Fatecha Rizqi Putra Prasetyo\\LnTMidProject\\vendor\\laravel\\framework\\src\\Illuminate\\Pipeline\\Pipeline.php(183): Illuminate\\Http\\Middleware\\HandleCors->handle(Object(Illuminate\\Http\\Request), Object(Closure))
#44 E:\\Fate\\UKM\\BNCC\\Backend BNCC\\LnT Mid Project\\LnTMidProject_BE-I_Fatecha Rizqi Putra Prasetyo\\LnTMidProject\\vendor\\laravel\\framework\\src\\Illuminate\\Http\\Middleware\\TrustProxies.php(39): Illuminate\\Pipeline\\Pipeline->Illuminate\\Pipeline\\{closure}(Object(Illuminate\\Http\\Request))
#45 E:\\Fate\\UKM\\BNCC\\Backend BNCC\\LnT Mid Project\\LnTMidProject_BE-I_Fatecha Rizqi Putra Prasetyo\\LnTMidProject\\vendor\\laravel\\framework\\src\\Illuminate\\Pipeline\\Pipeline.php(183): Illuminate\\Http\\Middleware\\TrustProxies->handle(Object(Illuminate\\Http\\Request), Object(Closure))
#46 E:\\Fate\\UKM\\BNCC\\Backend BNCC\\LnT Mid Project\\LnTMidProject_BE-I_Fatecha Rizqi Putra Prasetyo\\LnTMidProject\\vendor\\laravel\\framework\\src\\Illuminate\\Pipeline\\Pipeline.php(119): Illuminate\\Pipeline\\Pipeline->Illuminate\\Pipeline\\{closure}(Object(Illuminate\\Http\\Request))
#47 E:\\Fate\\UKM\\BNCC\\Backend BNCC\\LnT Mid Project\\LnTMidProject_BE-I_Fatecha Rizqi Putra Prasetyo\\LnTMidProject\\vendor\\laravel\\framework\\src\\Illuminate\\Foundation\\Http\\Kernel.php(175): Illuminate\\Pipeline\\Pipeline->then(Object(Closure))
#48 E:\\Fate\\UKM\\BNCC\\Backend BNCC\\LnT Mid Project\\LnTMidProject_BE-I_Fatecha Rizqi Putra Prasetyo\\LnTMidProject\\vendor\\laravel\\framework\\src\\Illuminate\\Foundation\\Http\\Kernel.php(144): Illuminate\\Foundation\\Http\\Kernel->sendRequestThroughRouter(Object(Illuminate\\Http\\Request))
#49 E:\\Fate\\UKM\\BNCC\\Backend BNCC\\LnT Mid Project\\LnTMidProject_BE-I_Fatecha Rizqi Putra Prasetyo\\LnTMidProject\\public\\index.php(51): Illuminate\\Foundation\\Http\\Kernel->handle(Object(Illuminate\\Http\\Request))
#50 E:\\Fate\\UKM\\BNCC\\Backend BNCC\\LnT Mid Project\\LnTMidProject_BE-I_Fatecha Rizqi Putra Prasetyo\\LnTMidProject\\vendor\\laravel\\framework\\src\\Illuminate\\Foundation\\resources\\server.php(16): require_once('E:\\\\Fate\\\\UKM\\\\BNC...')
#51 {main}

[previous exception] [object] (ParseError(code: 0): syntax error, unexpected token \"}\" at E:\\Fate\\UKM\\BNCC\\Backend BNCC\\LnT Mid Project\\LnTMidProject_BE-I_Fatecha Rizqi Putra Prasetyo\\LnTMidProject\\storage\\framework\\views\\ed8e26367f3b51a2e2801ad1aa65e5f4.php:12)
[stacktrace]
#0 E:\\Fate\\UKM\\BNCC\\Backend BNCC\\LnT Mid Project\\LnTMidProject_BE-I_Fatecha Rizqi Putra Prasetyo\\LnTMidProject\\vendor\\laravel\\framework\\src\\Illuminate\\Filesystem\\Filesystem.php(125): Illuminate\\Filesystem\\Filesystem::Illuminate\\Filesystem\\{closure}()
#1 E:\\Fate\\UKM\\BNCC\\Backend BNCC\\LnT Mid Project\\LnTMidProject_BE-I_Fatecha Rizqi Putra Prasetyo\\LnTMidProject\\vendor\\laravel\\framework\\src\\Illuminate\\View\\Engines\\PhpEngine.php(58): Illuminate\\Filesystem\\Filesystem->getRequire('E:\\\\Fate\\\\UKM\\\\BNC...', Array)
#2 E:\\Fate\\UKM\\BNCC\\Backend BNCC\\LnT Mid Project\\LnTMidProject_BE-I_Fatecha Rizqi Putra Prasetyo\\LnTMidProject\\vendor\\laravel\\framework\\src\\Illuminate\\View\\Engines\\CompilerEngine.php(72): Illuminate\\View\\Engines\\PhpEngine->evaluatePath('E:\\\\Fate\\\\UKM\\\\BNC...', Array)
#3 E:\\Fate\\UKM\\BNCC\\Backend BNCC\\LnT Mid Project\\LnTMidProject_BE-I_Fatecha Rizqi Putra Prasetyo\\LnTMidProject\\vendor\\laravel\\framework\\src\\Illuminate\\View\\View.php(207): Illuminate\\View\\Engines\\CompilerEngine->get('E:\\\\Fate\\\\UKM\\\\BNC...', Array)
#4 E:\\Fate\\UKM\\BNCC\\Backend BNCC\\LnT Mid Project\\LnTMidProject_BE-I_Fatecha Rizqi Putra Prasetyo\\LnTMidProject\\vendor\\laravel\\framework\\src\\Illuminate\\View\\View.php(190): Illuminate\\View\\View->getContents()
#5 E:\\Fate\\UKM\\BNCC\\Backend BNCC\\LnT Mid Project\\LnTMidProject_BE-I_Fatecha Rizqi Putra Prasetyo\\LnTMidProject\\vendor\\laravel\\framework\\src\\Illuminate\\View\\View.php(159): Illuminate\\View\\View->renderContents()
#6 E:\\Fate\\UKM\\BNCC\\Backend BNCC\\LnT Mid Project\\LnTMidProject_BE-I_Fatecha Rizqi Putra Prasetyo\\LnTMidProject\\vendor\\laravel\\framework\\src\\Illuminate\\Http\\Response.php(69): Illuminate\\View\\View->render()
#7 E:\\Fate\\UKM\\BNCC\\Backend BNCC\\LnT Mid Project\\LnTMidProject_BE-I_Fatecha Rizqi Putra Prasetyo\\LnTMidProject\\vendor\\laravel\\framework\\src\\Illuminate\\Http\\Response.php(35): Illuminate\\Http\\Response->setContent(Object(Illuminate\\View\\View))
#8 E:\\Fate\\UKM\\BNCC\\Backend BNCC\\LnT Mid Project\\LnTMidProject_BE-I_Fatecha Rizqi Putra Prasetyo\\LnTMidProject\\vendor\\laravel\\framework\\src\\Illuminate\\Routing\\Router.php(918): Illuminate\\Http\\Response->__construct(Object(Illuminate\\View\\View), 200, Array)
#9 E:\\Fate\\UKM\\BNCC\\Backend BNCC\\LnT Mid Project\\LnTMidProject_BE-I_Fatecha Rizqi Putra Prasetyo\\LnTMidProject\\vendor\\laravel\\framework\\src\\Illuminate\\Routing\\Router.php(885): Illuminate\\Routing\\Router::toResponse(Object(Illuminate\\Http\\Request), Object(Illuminate\\View\\View))
#10 E:\\Fate\\UKM\\BNCC\\Backend BNCC\\LnT Mid Project\\LnTMidProject_BE-I_Fatecha Rizqi Putra Prasetyo\\LnTMidProject\\vendor\\laravel\\framework\\src\\Illuminate\\Routing\\Router.php(805): Illuminate\\Routing\\Router->prepareResponse(Object(Illuminate\\Http\\Request), Object(Illuminate\\View\\View))
#11 E:\\Fate\\UKM\\BNCC\\Backend BNCC\\LnT Mid Project\\LnTMidProject_BE-I_Fatecha Rizqi Putra Prasetyo\\LnTMidProject\\vendor\\laravel\\framework\\src\\Illuminate\\Pipeline\\Pipeline.php(144): Illuminate\\Routing\\Router->Illuminate\\Routing\\{closure}(Object(Illuminate\\Http\\Request))
#12 E:\\Fate\\UKM\\BNCC\\Backend BNCC\\LnT Mid Project\\LnTMidProject_BE-I_Fatecha Rizqi Putra Prasetyo\\LnTMidProject\\vendor\\laravel\\framework\\src\\Illuminate\\Routing\\Middleware\\SubstituteBindings.php(50): Illuminate\\Pipeline\\Pipeline->Illuminate\\Pipeline\\{closure}(Object(Illuminate\\Http\\Request))
#13 E:\\Fate\\UKM\\BNCC\\Backend BNCC\\LnT Mid Project\\LnTMidProject_BE-I_Fatecha Rizqi Putra Prasetyo\\LnTMidProject\\vendor\\laravel\\framework\\src\\Illuminate\\Pipeline\\Pipeline.php(183): Illuminate\\Routing\\Middleware\\SubstituteBindings->handle(Object(Illuminate\\Http\\Request), Object(Closure))
#14 E:\\Fate\\UKM\\BNCC\\Backend BNCC\\LnT Mid Project\\LnTMidProject_BE-I_Fatecha Rizqi Putra Prasetyo\\LnTMidProject\\vendor\\laravel\\framework\\src\\Illuminate\\Foundation\\Http\\Middleware\\VerifyCsrfToken.php(78): Illuminate\\Pipeline\\Pipeline->Illuminate\\Pipeline\\{closure}(Object(Illuminate\\Http\\Request))
#15 E:\\Fate\\UKM\\BNCC\\Backend BNCC\\LnT Mid Project\\LnTMidProject_BE-I_Fatecha Rizqi Putra Prasetyo\\LnTMidProject\\vendor\\laravel\\framework\\src\\Illuminate\\Pipeline\\Pipeline.php(183): Illuminate\\Foundation\\Http\\Middleware\\VerifyCsrfToken->handle(Object(Illuminate\\Http\\Request), Object(Closure))
#16 E:\\Fate\\UKM\\BNCC\\Backend BNCC\\LnT Mid Project\\LnTMidProject_BE-I_Fatecha Rizqi Putra Prasetyo\\LnTMidProject\\vendor\\laravel\\framework\\src\\Illuminate\\View\\Middleware\\ShareErrorsFromSession.php(49): Illuminate\\Pipeline\\Pipeline->Illuminate\\Pipeline\\{closure}(Object(Illuminate\\Http\\Request))
#17 E:\\Fate\\UKM\\BNCC\\Backend BNCC\\LnT Mid Project\\LnTMidProject_BE-I_Fatecha Rizqi Putra Prasetyo\\LnTMidProject\\vendor\\laravel\\framework\\src\\Illuminate\\Pipeline\\Pipeline.php(183): Illuminate\\View\\Middleware\\ShareErrorsFromSession->handle(Object(Illuminate\\Http\\Request), Object(Closure))
#18 E:\\Fate\\UKM\\BNCC\\Backend BNCC\\LnT Mid Project\\LnTMidProject_BE-I_Fatecha Rizqi Putra Prasetyo\\LnTMidProject\\vendor\\laravel\\framework\\src\\Illuminate\\Session\\Middleware\\StartSession.php(121): Illuminate\\Pipeline\\Pipeline->Illuminate\\Pipeline\\{closure}(Object(Illuminate\\Http\\Request))
#19 E:\\Fate\\UKM\\BNCC\\Backend BNCC\\LnT Mid Project\\LnTMidProject_BE-I_Fatecha Rizqi Putra Prasetyo\\LnTMidProject\\vendor\\laravel\\framework\\src\\Illuminate\\Session\\Middleware\\StartSession.php(64): Illuminate\\Session\\Middleware\\StartSession->handleStatefulRequest(Object(Illuminate\\Http\\Request), Object(Illuminate\\Session\\Store), Object(Closure))
#20 E:\\Fate\\UKM\\BNCC\\Backend BNCC\\LnT Mid Project\\LnTMidProject_BE-I_Fatecha Rizqi Putra Prasetyo\\LnTMidProject\\vendor\\laravel\\framework\\src\\Illuminate\\Pipeline\\Pipeline.php(183): Illuminate\\Session\\Middleware\\StartSession->handle(Object(Illuminate\\Http\\Request), Object(Closure))
#21 E:\\Fate\\UKM\\BNCC\\Backend BNCC\\LnT Mid Project\\LnTMidProject_BE-I_Fatecha Rizqi Putra Prasetyo\\LnTMidProject\\vendor\\laravel\\framework\\src\\Illuminate\\Cookie\\Middleware\\AddQueuedCookiesToResponse.php(37): Illuminate\\Pipeline\\Pipeline->Illuminate\\Pipeline\\{closure}(Object(Illuminate\\Http\\Request))
#22 E:\\Fate\\UKM\\BNCC\\Backend BNCC\\LnT Mid Project\\LnTMidProject_BE-I_Fatecha Rizqi Putra Prasetyo\\LnTMidProject\\vendor\\laravel\\framework\\src\\Illuminate\\Pipeline\\Pipeline.php(183): Illuminate\\Cookie\\Middleware\\AddQueuedCookiesToResponse->handle(Object(Illuminate\\Http\\Request), Object(Closure))
#23 E:\\Fate\\UKM\\BNCC\\Backend BNCC\\LnT Mid Project\\LnTMidProject_BE-I_Fatecha Rizqi Putra Prasetyo\\LnTMidProject\\vendor\\laravel\\framework\\src\\Illuminate\\Cookie\\Middleware\\EncryptCookies.php(67): Illuminate\\Pipeline\\Pipeline->Illuminate\\Pipeline\\{closure}(Object(Illuminate\\Http\\Request))
#24 E:\\Fate\\UKM\\BNCC\\Backend BNCC\\LnT Mid Project\\LnTMidProject_BE-I_Fatecha Rizqi Putra Prasetyo\\LnTMidProject\\vendor\\laravel\\framework\\src\\Illuminate\\Pipeline\\Pipeline.php(183): Illuminate\\Cookie\\Middleware\\EncryptCookies->handle(Object(Illuminate\\Http\\Request), Object(Closure))
#25 E:\\Fate\\UKM\\BNCC\\Backend BNCC\\LnT Mid Project\\LnTMidProject_BE-I_Fatecha Rizqi Putra Prasetyo\\LnTMidProject\\vendor\\laravel\\framework\\src\\Illuminate\\Pipeline\\Pipeline.php(119): Illuminate\\Pipeline\\Pipeline->Illuminate\\Pipeline\\{closure}(Object(Illuminate\\Http\\Request))
#26 E:\\Fate\\UKM\\BNCC\\Backend BNCC\\LnT Mid Project\\LnTMidProject_BE-I_Fatecha Rizqi Putra Prasetyo\\LnTMidProject\\vendor\\laravel\\framework\\src\\Illuminate\\Routing\\Router.php(805): Illuminate\\Pipeline\\Pipeline->then(Object(Closure))
#27 E:\\Fate\\UKM\\BNCC\\Backend BNCC\\LnT Mid Project\\LnTMidProject_BE-I_Fatecha Rizqi Putra Prasetyo\\LnTMidProject\\vendor\\laravel\\framework\\src\\Illuminate\\Routing\\Router.php(784): Illuminate\\Routing\\Router->runRouteWithinStack(Object(Illuminate\\Routing\\Route), Object(Illuminate\\Http\\Request))
#28 E:\\Fate\\UKM\\BNCC\\Backend BNCC\\LnT Mid Project\\LnTMidProject_BE-I_Fatecha Rizqi Putra Prasetyo\\LnTMidProject\\vendor\\laravel\\framework\\src\\Illuminate\\Routing\\Router.php(748): Illuminate\\Routing\\Router->runRoute(Object(Illuminate\\Http\\Request), Object(Illuminate\\Routing\\Route))
#29 E:\\Fate\\UKM\\BNCC\\Backend BNCC\\LnT Mid Project\\LnTMidProject_BE-I_Fatecha Rizqi Putra Prasetyo\\LnTMidProject\\vendor\\laravel\\framework\\src\\Illuminate\\Routing\\Router.php(737): Illuminate\\Routing\\Router->dispatchToRoute(Object(Illuminate\\Http\\Request))
#30 E:\\Fate\\UKM\\BNCC\\Backend BNCC\\LnT Mid Project\\LnTMidProject_BE-I_Fatecha Rizqi Putra Prasetyo\\LnTMidProject\\vendor\\laravel\\framework\\src\\Illuminate\\Foundation\\Http\\Kernel.php(200): Illuminate\\Routing\\Router->dispatch(Object(Illuminate\\Http\\Request))
#31 E:\\Fate\\UKM\\BNCC\\Backend BNCC\\LnT Mid Project\\LnTMidProject_BE-I_Fatecha Rizqi Putra Prasetyo\\LnTMidProject\\vendor\\laravel\\framework\\src\\Illuminate\\Pipeline\\Pipeline.php(144): Illuminate\\Foundation\\Http\\Kernel->Illuminate\\Foundation\\Http\\{closure}(Object(Illuminate\\Http\\Request))
#32 E:\\Fate\\UKM\\BNCC\\Backend BNCC\\LnT Mid Project\\LnTMidProject_BE-I_Fatecha Rizqi Putra Prasetyo\\LnTMidProject\\vendor\\laravel\\framework\\src\\Illuminate\\Foundation\\Http\\Middleware\\TransformsRequest.php(21): Illuminate\\Pipeline\\Pipeline->Illuminate\\Pipeline\\{closure}(Object(Illuminate\\Http\\Request))
#33 E:\\Fate\\UKM\\BNCC\\Backend BNCC\\LnT Mid Project\\LnTMidProject_BE-I_Fatecha Rizqi Putra Prasetyo\\LnTMidProject\\vendor\\laravel\\framework\\src\\Illuminate\\Foundation\\Http\\Middleware\\ConvertEmptyStringsToNull.php(31): Illuminate\\Foundation\\Http\\Middleware\\TransformsRequest->handle(Object(Illuminate\\Http\\Request), Object(Closure))
#34 E:\\Fate\\UKM\\BNCC\\Backend BNCC\\LnT Mid Project\\LnTMidProject_BE-I_Fatecha Rizqi Putra Prasetyo\\LnTMidProject\\vendor\\laravel\\framework\\src\\Illuminate\\Pipeline\\Pipeline.php(183): Illuminate\\Foundation\\Http\\Middleware\\ConvertEmptyStringsToNull->handle(Object(Illuminate\\Http\\Request), Object(Closure))
#35 E:\\Fate\\UKM\\BNCC\\Backend BNCC\\LnT Mid Project\\LnTMidProject_BE-I_Fatecha Rizqi Putra Prasetyo\\LnTMidProject\\vendor\\laravel\\framework\\src\\Illuminate\\Foundation\\Http\\Middleware\\TransformsRequest.php(21): Illuminate\\Pipeline\\Pipeline->Illuminate\\Pipeline\\{closure}(Object(Illuminate\\Http\\Request))
#36 E:\\Fate\\UKM\\BNCC\\Backend BNCC\\LnT Mid Project\\LnTMidProject_BE-I_Fatecha Rizqi Putra Prasetyo\\LnTMidProject\\vendor\\laravel\\framework\\src\\Illuminate\\Foundation\\Http\\Middleware\\TrimStrings.php(40): Illuminate\\Foundation\\Http\\Middleware\\TransformsRequest->handle(Object(Illuminate\\Http\\Request), Object(Closure))
#37 E:\\Fate\\UKM\\BNCC\\Backend BNCC\\LnT Mid Project\\LnTMidProject_BE-I_Fatecha Rizqi Putra Prasetyo\\LnTMidProject\\vendor\\laravel\\framework\\src\\Illuminate\\Pipeline\\Pipeline.php(183): Illuminate\\Foundation\\Http\\Middleware\\TrimStrings->handle(Object(Illuminate\\Http\\Request), Object(Closure))
#38 E:\\Fate\\UKM\\BNCC\\Backend BNCC\\LnT Mid Project\\LnTMidProject_BE-I_Fatecha Rizqi Putra Prasetyo\\LnTMidProject\\vendor\\laravel\\framework\\src\\Illuminate\\Foundation\\Http\\Middleware\\ValidatePostSize.php(27): Illuminate\\Pipeline\\Pipeline->Illuminate\\Pipeline\\{closure}(Object(Illuminate\\Http\\Request))
#39 E:\\Fate\\UKM\\BNCC\\Backend BNCC\\LnT Mid Project\\LnTMidProject_BE-I_Fatecha Rizqi Putra Prasetyo\\LnTMidProject\\vendor\\laravel\\framework\\src\\Illuminate\\Pipeline\\Pipeline.php(183): Illuminate\\Foundation\\Http\\Middleware\\ValidatePostSize->handle(Object(Illuminate\\Http\\Request), Object(Closure))
#40 E:\\Fate\\UKM\\BNCC\\Backend BNCC\\LnT Mid Project\\LnTMidProject_BE-I_Fatecha Rizqi Putra Prasetyo\\LnTMidProject\\vendor\\laravel\\framework\\src\\Illuminate\\Foundation\\Http\\Middleware\\PreventRequestsDuringMaintenance.php(99): Illuminate\\Pipeline\\Pipeline->Illuminate\\Pipeline\\{closure}(Object(Illuminate\\Http\\Request))
#41 E:\\Fate\\UKM\\BNCC\\Backend BNCC\\LnT Mid Project\\LnTMidProject_BE-I_Fatecha Rizqi Putra Prasetyo\\LnTMidProject\\vendor\\laravel\\framework\\src\\Illuminate\\Pipeline\\Pipeline.php(183): Illuminate\\Foundation\\Http\\Middleware\\PreventRequestsDuringMaintenance->handle(Object(Illuminate\\Http\\Request), Object(Closure))
#42 E:\\Fate\\UKM\\BNCC\\Backend BNCC\\LnT Mid Project\\LnTMidProject_BE-I_Fatecha Rizqi Putra Prasetyo\\LnTMidProject\\vendor\\laravel\\framework\\src\\Illuminate\\Http\\Middleware\\HandleCors.php(49): Illuminate\\Pipeline\\Pipeline->Illuminate\\Pipeline\\{closure}(Object(Illuminate\\Http\\Request))
#43 E:\\Fate\\UKM\\BNCC\\Backend BNCC\\LnT Mid Project\\LnTMidProject_BE-I_Fatecha Rizqi Putra Prasetyo\\LnTMidProject\\vendor\\laravel\\framework\\src\\Illuminate\\Pipeline\\Pipeline.php(183): Illuminate\\Http\\Middleware\\HandleCors->handle(Object(Illuminate\\Http\\Request), Object(Closure))
#44 E:\\Fate\\UKM\\BNCC\\Backend BNCC\\LnT Mid Project\\LnTMidProject_BE-I_Fatecha Rizqi Putra Prasetyo\\LnTMidProject\\vendor\\laravel\\framework\\src\\Illuminate\\Http\\Middleware\\TrustProxies.php(39): Illuminate\\Pipeline\\Pipeline->Illuminate\\Pipeline\\{closure}(Object(Illuminate\\Http\\Request))
#45 E:\\Fate\\UKM\\BNCC\\Backend BNCC\\LnT Mid Project\\LnTMidProject_BE-I_Fatecha Rizqi Putra Prasetyo\\LnTMidProject\\vendor\\laravel\\framework\\src\\Illuminate\\Pipeline\\Pipeline.php(183): Illuminate\\Http\\Middleware\\TrustProxies->handle(Object(Illuminate\\Http\\Request), Object(Closure))
#46 E:\\Fate\\UKM\\BNCC\\Backend BNCC\\LnT Mid Project\\LnTMidProject_BE-I_Fatecha Rizqi Putra Prasetyo\\LnTMidProject\\vendor\\laravel\\framework\\src\\Illuminate\\Pipeline\\Pipeline.php(119): Illuminate\\Pipeline\\Pipeline->Illuminate\\Pipeline\\{closure}(Object(Illuminate\\Http\\Request))
#47 E:\\Fate\\UKM\\BNCC\\Backend BNCC\\LnT Mid Project\\LnTMidProject_BE-I_Fatecha Rizqi Putra Prasetyo\\LnTMidProject\\vendor\\laravel\\framework\\src\\Illuminate\\Foundation\\Http\\Kernel.php(175): Illuminate\\Pipeline\\Pipeline->then(Object(Closure))
#48 E:\\Fate\\UKM\\BNCC\\Backend BNCC\\LnT Mid Project\\LnTMidProject_BE-I_Fatecha Rizqi Putra Prasetyo\\LnTMidProject\\vendor\\laravel\\framework\\src\\Illuminate\\Foundation\\Http\\Kernel.php(144): Illuminate\\Foundation\\Http\\Kernel->sendRequestThroughRouter(Object(Illuminate\\Http\\Request))
#49 E:\\Fate\\UKM\\BNCC\\Backend BNCC\\LnT Mid Project\\LnTMidProject_BE-I_Fatecha Rizqi Putra Prasetyo\\LnTMidProject\\public\\index.php(51): Illuminate\\Foundation\\Http\\Kernel->handle(Object(Illuminate\\Http\\Request))
#50 E:\\Fate\\UKM\\BNCC\\Backend BNCC\\LnT Mid Project\\LnTMidProject_BE-I_Fatecha Rizqi Putra Prasetyo\\LnTMidProject\\vendor\\laravel\\framework\\src\\Illuminate\\Foundation\\resources\\server.php(16): require_once('E:\\\\Fate\\\\UKM\\\\BNC...')
#51 {main}
"} 
[2024-02-11 04:21:15] local.ERROR: Method Illuminate\Validation\Validator::validateAbc123. does not exist. {"exception":"[object] (BadMethodCallException(code: 0): Method Illuminate\\Validation\\Validator::validateAbc123. does not exist. at E:\\Fate\\UKM\\BNCC\\Backend BNCC\\LnT Mid Project\\LnTMidProject_BE-I_Fatecha Rizqi Putra Prasetyo\\LnTMidProject\\vendor\\laravel\\framework\\src\\Illuminate\\Validation\\Validator.php:1631)
[stacktrace]
#0 E:\\Fate\\UKM\\BNCC\\Backend BNCC\\LnT Mid Project\\LnTMidProject_BE-I_Fatecha Rizqi Putra Prasetyo\\LnTMidProject\\vendor\\laravel\\framework\\src\\Illuminate\\Validation\\Validator.php(657): Illuminate\\Validation\\Validator->__call('validateAbc123.', Array)
#1 E:\\Fate\\UKM\\BNCC\\Backend BNCC\\LnT Mid Project\\LnTMidProject_BE-I_Fatecha Rizqi Putra Prasetyo\\LnTMidProject\\vendor\\laravel\\framework\\src\\Illuminate\\Validation\\Validator.php(457): Illuminate\\Validation\\Validator->validateAttribute('password', 'Abc123.')
#2 E:\\Fate\\UKM\\BNCC\\Backend BNCC\\LnT Mid Project\\LnTMidProject_BE-I_Fatecha Rizqi Putra Prasetyo\\LnTMidProject\\vendor\\laravel\\framework\\src\\Illuminate\\Validation\\Validator.php(492): Illuminate\\Validation\\Validator->passes()
#3 E:\\Fate\\UKM\\BNCC\\Backend BNCC\\LnT Mid Project\\LnTMidProject_BE-I_Fatecha Rizqi Putra Prasetyo\\LnTMidProject\\vendor\\laravel\\framework\\src\\Illuminate\\Validation\\Validator.php(534): Illuminate\\Validation\\Validator->fails()
#4 E:\\Fate\\UKM\\BNCC\\Backend BNCC\\LnT Mid Project\\LnTMidProject_BE-I_Fatecha Rizqi Putra Prasetyo\\LnTMidProject\\vendor\\laravel\\framework\\src\\Illuminate\\Foundation\\Providers\\FoundationServiceProvider.php(124): Illuminate\\Validation\\Validator->validate()
#5 E:\\Fate\\UKM\\BNCC\\Backend BNCC\\LnT Mid Project\\LnTMidProject_BE-I_Fatecha Rizqi Putra Prasetyo\\LnTMidProject\\vendor\\laravel\\framework\\src\\Illuminate\\Macroable\\Traits\\Macroable.php(123): Illuminate\\Http\\Request->Illuminate\\Foundation\\Providers\\{closure}(Array)
#6 E:\\Fate\\UKM\\BNCC\\Backend BNCC\\LnT Mid Project\\LnTMidProject_BE-I_Fatecha Rizqi Putra Prasetyo\\LnTMidProject\\app\\Http\\Controllers\\LoginController.php(12): Illuminate\\Http\\Request->__call('validate', Array)
#7 E:\\Fate\\UKM\\BNCC\\Backend BNCC\\LnT Mid Project\\LnTMidProject_BE-I_Fatecha Rizqi Putra Prasetyo\\LnTMidProject\\vendor\\laravel\\framework\\src\\Illuminate\\Routing\\Controller.php(54): App\\Http\\Controllers\\LoginController->authenticate(Object(Illuminate\\Http\\Request))
#8 E:\\Fate\\UKM\\BNCC\\Backend BNCC\\LnT Mid Project\\LnTMidProject_BE-I_Fatecha Rizqi Putra Prasetyo\\LnTMidProject\\vendor\\laravel\\framework\\src\\Illuminate\\Routing\\ControllerDispatcher.php(43): Illuminate\\Routing\\Controller->callAction('authenticate', Array)
#9 E:\\Fate\\UKM\\BNCC\\Backend BNCC\\LnT Mid Project\\LnTMidProject_BE-I_Fatecha Rizqi Putra Prasetyo\\LnTMidProject\\vendor\\laravel\\framework\\src\\Illuminate\\Routing\\Route.php(259): Illuminate\\Routing\\ControllerDispatcher->dispatch(Object(Illuminate\\Routing\\Route), Object(App\\Http\\Controllers\\LoginController), 'authenticate')
#10 E:\\Fate\\UKM\\BNCC\\Backend BNCC\\LnT Mid Project\\LnTMidProject_BE-I_Fatecha Rizqi Putra Prasetyo\\LnTMidProject\\vendor\\laravel\\framework\\src\\Illuminate\\Routing\\Route.php(205): Illuminate\\Routing\\Route->runController()
#11 E:\\Fate\\UKM\\BNCC\\Backend BNCC\\LnT Mid Project\\LnTMidProject_BE-I_Fatecha Rizqi Putra Prasetyo\\LnTMidProject\\vendor\\laravel\\framework\\src\\Illuminate\\Routing\\Router.php(806): Illuminate\\Routing\\Route->run()
#12 E:\\Fate\\UKM\\BNCC\\Backend BNCC\\LnT Mid Project\\LnTMidProject_BE-I_Fatecha Rizqi Putra Prasetyo\\LnTMidProject\\vendor\\laravel\\framework\\src\\Illuminate\\Pipeline\\Pipeline.php(144): Illuminate\\Routing\\Router->Illuminate\\Routing\\{closure}(Object(Illuminate\\Http\\Request))
#13 E:\\Fate\\UKM\\BNCC\\Backend BNCC\\LnT Mid Project\\LnTMidProject_BE-I_Fatecha Rizqi Putra Prasetyo\\LnTMidProject\\vendor\\laravel\\framework\\src\\Illuminate\\Routing\\Middleware\\SubstituteBindings.php(50): Illuminate\\Pipeline\\Pipeline->Illuminate\\Pipeline\\{closure}(Object(Illuminate\\Http\\Request))
#14 E:\\Fate\\UKM\\BNCC\\Backend BNCC\\LnT Mid Project\\LnTMidProject_BE-I_Fatecha Rizqi Putra Prasetyo\\LnTMidProject\\vendor\\laravel\\framework\\src\\Illuminate\\Pipeline\\Pipeline.php(183): Illuminate\\Routing\\Middleware\\SubstituteBindings->handle(Object(Illuminate\\Http\\Request), Object(Closure))
#15 E:\\Fate\\UKM\\BNCC\\Backend BNCC\\LnT Mid Project\\LnTMidProject_BE-I_Fatecha Rizqi Putra Prasetyo\\LnTMidProject\\vendor\\laravel\\framework\\src\\Illuminate\\Foundation\\Http\\Middleware\\VerifyCsrfToken.php(78): Illuminate\\Pipeline\\Pipeline->Illuminate\\Pipeline\\{closure}(Object(Illuminate\\Http\\Request))
#16 E:\\Fate\\UKM\\BNCC\\Backend BNCC\\LnT Mid Project\\LnTMidProject_BE-I_Fatecha Rizqi Putra Prasetyo\\LnTMidProject\\vendor\\laravel\\framework\\src\\Illuminate\\Pipeline\\Pipeline.php(183): Illuminate\\Foundation\\Http\\Middleware\\VerifyCsrfToken->handle(Object(Illuminate\\Http\\Request), Object(Closure))
#17 E:\\Fate\\UKM\\BNCC\\Backend BNCC\\LnT Mid Project\\LnTMidProject_BE-I_Fatecha Rizqi Putra Prasetyo\\LnTMidProject\\vendor\\laravel\\framework\\src\\Illuminate\\View\\Middleware\\ShareErrorsFromSession.php(49): Illuminate\\Pipeline\\Pipeline->Illuminate\\Pipeline\\{closure}(Object(Illuminate\\Http\\Request))
#18 E:\\Fate\\UKM\\BNCC\\Backend BNCC\\LnT Mid Project\\LnTMidProject_BE-I_Fatecha Rizqi Putra Prasetyo\\LnTMidProject\\vendor\\laravel\\framework\\src\\Illuminate\\Pipeline\\Pipeline.php(183): Illuminate\\View\\Middleware\\ShareErrorsFromSession->handle(Object(Illuminate\\Http\\Request), Object(Closure))
#19 E:\\Fate\\UKM\\BNCC\\Backend BNCC\\LnT Mid Project\\LnTMidProject_BE-I_Fatecha Rizqi Putra Prasetyo\\LnTMidProject\\vendor\\laravel\\framework\\src\\Illuminate\\Session\\Middleware\\StartSession.php(121): Illuminate\\Pipeline\\Pipeline->Illuminate\\Pipeline\\{closure}(Object(Illuminate\\Http\\Request))
#20 E:\\Fate\\UKM\\BNCC\\Backend BNCC\\LnT Mid Project\\LnTMidProject_BE-I_Fatecha Rizqi Putra Prasetyo\\LnTMidProject\\vendor\\laravel\\framework\\src\\Illuminate\\Session\\Middleware\\StartSession.php(64): Illuminate\\Session\\Middleware\\StartSession->handleStatefulRequest(Object(Illuminate\\Http\\Request), Object(Illuminate\\Session\\Store), Object(Closure))
#21 E:\\Fate\\UKM\\BNCC\\Backend BNCC\\LnT Mid Project\\LnTMidProject_BE-I_Fatecha Rizqi Putra Prasetyo\\LnTMidProject\\vendor\\laravel\\framework\\src\\Illuminate\\Pipeline\\Pipeline.php(183): Illuminate\\Session\\Middleware\\StartSession->handle(Object(Illuminate\\Http\\Request), Object(Closure))
#22 E:\\Fate\\UKM\\BNCC\\Backend BNCC\\LnT Mid Project\\LnTMidProject_BE-I_Fatecha Rizqi Putra Prasetyo\\LnTMidProject\\vendor\\laravel\\framework\\src\\Illuminate\\Cookie\\Middleware\\AddQueuedCookiesToResponse.php(37): Illuminate\\Pipeline\\Pipeline->Illuminate\\Pipeline\\{closure}(Object(Illuminate\\Http\\Request))
#23 E:\\Fate\\UKM\\BNCC\\Backend BNCC\\LnT Mid Project\\LnTMidProject_BE-I_Fatecha Rizqi Putra Prasetyo\\LnTMidProject\\vendor\\laravel\\framework\\src\\Illuminate\\Pipeline\\Pipeline.php(183): Illuminate\\Cookie\\Middleware\\AddQueuedCookiesToResponse->handle(Object(Illuminate\\Http\\Request), Object(Closure))
#24 E:\\Fate\\UKM\\BNCC\\Backend BNCC\\LnT Mid Project\\LnTMidProject_BE-I_Fatecha Rizqi Putra Prasetyo\\LnTMidProject\\vendor\\laravel\\framework\\src\\Illuminate\\Cookie\\Middleware\\EncryptCookies.php(67): Illuminate\\Pipeline\\Pipeline->Illuminate\\Pipeline\\{closure}(Object(Illuminate\\Http\\Request))
#25 E:\\Fate\\UKM\\BNCC\\Backend BNCC\\LnT Mid Project\\LnTMidProject_BE-I_Fatecha Rizqi Putra Prasetyo\\LnTMidProject\\vendor\\laravel\\framework\\src\\Illuminate\\Pipeline\\Pipeline.php(183): Illuminate\\Cookie\\Middleware\\EncryptCookies->handle(Object(Illuminate\\Http\\Request), Object(Closure))
#26 E:\\Fate\\UKM\\BNCC\\Backend BNCC\\LnT Mid Project\\LnTMidProject_BE-I_Fatecha Rizqi Putra Prasetyo\\LnTMidProject\\vendor\\laravel\\framework\\src\\Illuminate\\Pipeline\\Pipeline.php(119): Illuminate\\Pipeline\\Pipeline->Illuminate\\Pipeline\\{closure}(Object(Illuminate\\Http\\Request))
#27 E:\\Fate\\UKM\\BNCC\\Backend BNCC\\LnT Mid Project\\LnTMidProject_BE-I_Fatecha Rizqi Putra Prasetyo\\LnTMidProject\\vendor\\laravel\\framework\\src\\Illuminate\\Routing\\Router.php(805): Illuminate\\Pipeline\\Pipeline->then(Object(Closure))
#28 E:\\Fate\\UKM\\BNCC\\Backend BNCC\\LnT Mid Project\\LnTMidProject_BE-I_Fatecha Rizqi Putra Prasetyo\\LnTMidProject\\vendor\\laravel\\framework\\src\\Illuminate\\Routing\\Router.php(784): Illuminate\\Routing\\Router->runRouteWithinStack(Object(Illuminate\\Routing\\Route), Object(Illuminate\\Http\\Request))
#29 E:\\Fate\\UKM\\BNCC\\Backend BNCC\\LnT Mid Project\\LnTMidProject_BE-I_Fatecha Rizqi Putra Prasetyo\\LnTMidProject\\vendor\\laravel\\framework\\src\\Illuminate\\Routing\\Router.php(748): Illuminate\\Routing\\Router->runRoute(Object(Illuminate\\Http\\Request), Object(Illuminate\\Routing\\Route))
#30 E:\\Fate\\UKM\\BNCC\\Backend BNCC\\LnT Mid Project\\LnTMidProject_BE-I_Fatecha Rizqi Putra Prasetyo\\LnTMidProject\\vendor\\laravel\\framework\\src\\Illuminate\\Routing\\Router.php(737): Illuminate\\Routing\\Router->dispatchToRoute(Object(Illuminate\\Http\\Request))
#31 E:\\Fate\\UKM\\BNCC\\Backend BNCC\\LnT Mid Project\\LnTMidProject_BE-I_Fatecha Rizqi Putra Prasetyo\\LnTMidProject\\vendor\\laravel\\framework\\src\\Illuminate\\Foundation\\Http\\Kernel.php(200): Illuminate\\Routing\\Router->dispatch(Object(Illuminate\\Http\\Request))
#32 E:\\Fate\\UKM\\BNCC\\Backend BNCC\\LnT Mid Project\\LnTMidProject_BE-I_Fatecha Rizqi Putra Prasetyo\\LnTMidProject\\vendor\\laravel\\framework\\src\\Illuminate\\Pipeline\\Pipeline.php(144): Illuminate\\Foundation\\Http\\Kernel->Illuminate\\Foundation\\Http\\{closure}(Object(Illuminate\\Http\\Request))
#33 E:\\Fate\\UKM\\BNCC\\Backend BNCC\\LnT Mid Project\\LnTMidProject_BE-I_Fatecha Rizqi Putra Prasetyo\\LnTMidProject\\vendor\\laravel\\framework\\src\\Illuminate\\Foundation\\Http\\Middleware\\TransformsRequest.php(21): Illuminate\\Pipeline\\Pipeline->Illuminate\\Pipeline\\{closure}(Object(Illuminate\\Http\\Request))
#34 E:\\Fate\\UKM\\BNCC\\Backend BNCC\\LnT Mid Project\\LnTMidProject_BE-I_Fatecha Rizqi Putra Prasetyo\\LnTMidProject\\vendor\\laravel\\framework\\src\\Illuminate\\Foundation\\Http\\Middleware\\ConvertEmptyStringsToNull.php(31): Illuminate\\Foundation\\Http\\Middleware\\TransformsRequest->handle(Object(Illuminate\\Http\\Request), Object(Closure))
#35 E:\\Fate\\UKM\\BNCC\\Backend BNCC\\LnT Mid Project\\LnTMidProject_BE-I_Fatecha Rizqi Putra Prasetyo\\LnTMidProject\\vendor\\laravel\\framework\\src\\Illuminate\\Pipeline\\Pipeline.php(183): Illuminate\\Foundation\\Http\\Middleware\\ConvertEmptyStringsToNull->handle(Object(Illuminate\\Http\\Request), Object(Closure))
#36 E:\\Fate\\UKM\\BNCC\\Backend BNCC\\LnT Mid Project\\LnTMidProject_BE-I_Fatecha Rizqi Putra Prasetyo\\LnTMidProject\\vendor\\laravel\\framework\\src\\Illuminate\\Foundation\\Http\\Middleware\\TransformsRequest.php(21): Illuminate\\Pipeline\\Pipeline->Illuminate\\Pipeline\\{closure}(Object(Illuminate\\Http\\Request))
#37 E:\\Fate\\UKM\\BNCC\\Backend BNCC\\LnT Mid Project\\LnTMidProject_BE-I_Fatecha Rizqi Putra Prasetyo\\LnTMidProject\\vendor\\laravel\\framework\\src\\Illuminate\\Foundation\\Http\\Middleware\\TrimStrings.php(40): Illuminate\\Foundation\\Http\\Middleware\\TransformsRequest->handle(Object(Illuminate\\Http\\Request), Object(Closure))
#38 E:\\Fate\\UKM\\BNCC\\Backend BNCC\\LnT Mid Project\\LnTMidProject_BE-I_Fatecha Rizqi Putra Prasetyo\\LnTMidProject\\vendor\\laravel\\framework\\src\\Illuminate\\Pipeline\\Pipeline.php(183): Illuminate\\Foundation\\Http\\Middleware\\TrimStrings->handle(Object(Illuminate\\Http\\Request), Object(Closure))
#39 E:\\Fate\\UKM\\BNCC\\Backend BNCC\\LnT Mid Project\\LnTMidProject_BE-I_Fatecha Rizqi Putra Prasetyo\\LnTMidProject\\vendor\\laravel\\framework\\src\\Illuminate\\Foundation\\Http\\Middleware\\ValidatePostSize.php(27): Illuminate\\Pipeline\\Pipeline->Illuminate\\Pipeline\\{closure}(Object(Illuminate\\Http\\Request))
#40 E:\\Fate\\UKM\\BNCC\\Backend BNCC\\LnT Mid Project\\LnTMidProject_BE-I_Fatecha Rizqi Putra Prasetyo\\LnTMidProject\\vendor\\laravel\\framework\\src\\Illuminate\\Pipeline\\Pipeline.php(183): Illuminate\\Foundation\\Http\\Middleware\\ValidatePostSize->handle(Object(Illuminate\\Http\\Request), Object(Closure))
#41 E:\\Fate\\UKM\\BNCC\\Backend BNCC\\LnT Mid Project\\LnTMidProject_BE-I_Fatecha Rizqi Putra Prasetyo\\LnTMidProject\\vendor\\laravel\\framework\\src\\Illuminate\\Foundation\\Http\\Middleware\\PreventRequestsDuringMaintenance.php(99): Illuminate\\Pipeline\\Pipeline->Illuminate\\Pipeline\\{closure}(Object(Illuminate\\Http\\Request))
#42 E:\\Fate\\UKM\\BNCC\\Backend BNCC\\LnT Mid Project\\LnTMidProject_BE-I_Fatecha Rizqi Putra Prasetyo\\LnTMidProject\\vendor\\laravel\\framework\\src\\Illuminate\\Pipeline\\Pipeline.php(183): Illuminate\\Foundation\\Http\\Middleware\\PreventRequestsDuringMaintenance->handle(Object(Illuminate\\Http\\Request), Object(Closure))
#43 E:\\Fate\\UKM\\BNCC\\Backend BNCC\\LnT Mid Project\\LnTMidProject_BE-I_Fatecha Rizqi Putra Prasetyo\\LnTMidProject\\vendor\\laravel\\framework\\src\\Illuminate\\Http\\Middleware\\HandleCors.php(49): Illuminate\\Pipeline\\Pipeline->Illuminate\\Pipeline\\{closure}(Object(Illuminate\\Http\\Request))
#44 E:\\Fate\\UKM\\BNCC\\Backend BNCC\\LnT Mid Project\\LnTMidProject_BE-I_Fatecha Rizqi Putra Prasetyo\\LnTMidProject\\vendor\\laravel\\framework\\src\\Illuminate\\Pipeline\\Pipeline.php(183): Illuminate\\Http\\Middleware\\HandleCors->handle(Object(Illuminate\\Http\\Request), Object(Closure))
#45 E:\\Fate\\UKM\\BNCC\\Backend BNCC\\LnT Mid Project\\LnTMidProject_BE-I_Fatecha Rizqi Putra Prasetyo\\LnTMidProject\\vendor\\laravel\\framework\\src\\Illuminate\\Http\\Middleware\\TrustProxies.php(39): Illuminate\\Pipeline\\Pipeline->Illuminate\\Pipeline\\{closure}(Object(Illuminate\\Http\\Request))
#46 E:\\Fate\\UKM\\BNCC\\Backend BNCC\\LnT Mid Project\\LnTMidProject_BE-I_Fatecha Rizqi Putra Prasetyo\\LnTMidProject\\vendor\\laravel\\framework\\src\\Illuminate\\Pipeline\\Pipeline.php(183): Illuminate\\Http\\Middleware\\TrustProxies->handle(Object(Illuminate\\Http\\Request), Object(Closure))
#47 E:\\Fate\\UKM\\BNCC\\Backend BNCC\\LnT Mid Project\\LnTMidProject_BE-I_Fatecha Rizqi Putra Prasetyo\\LnTMidProject\\vendor\\laravel\\framework\\src\\Illuminate\\Pipeline\\Pipeline.php(119): Illuminate\\Pipeline\\Pipeline->Illuminate\\Pipeline\\{closure}(Object(Illuminate\\Http\\Request))
#48 E:\\Fate\\UKM\\BNCC\\Backend BNCC\\LnT Mid Project\\LnTMidProject_BE-I_Fatecha Rizqi Putra Prasetyo\\LnTMidProject\\vendor\\laravel\\framework\\src\\Illuminate\\Foundation\\Http\\Kernel.php(175): Illuminate\\Pipeline\\Pipeline->then(Object(Closure))
#49 E:\\Fate\\UKM\\BNCC\\Backend BNCC\\LnT Mid Project\\LnTMidProject_BE-I_Fatecha Rizqi Putra Prasetyo\\LnTMidProject\\vendor\\laravel\\framework\\src\\Illuminate\\Foundation\\Http\\Kernel.php(144): Illuminate\\Foundation\\Http\\Kernel->sendRequestThroughRouter(Object(Illuminate\\Http\\Request))
#50 E:\\Fate\\UKM\\BNCC\\Backend BNCC\\LnT Mid Project\\LnTMidProject_BE-I_Fatecha Rizqi Putra Prasetyo\\LnTMidProject\\public\\index.php(51): Illuminate\\Foundation\\Http\\Kernel->handle(Object(Illuminate\\Http\\Request))
#51 E:\\Fate\\UKM\\BNCC\\Backend BNCC\\LnT Mid Project\\LnTMidProject_BE-I_Fatecha Rizqi Putra Prasetyo\\LnTMidProject\\vendor\\laravel\\framework\\src\\Illuminate\\Foundation\\resources\\server.php(16): require_once('E:\\\\Fate\\\\UKM\\\\BNC...')
#52 {main}
"} 
[2024-02-11 04:23:14] local.ERROR: Method Illuminate\Validation\Validator::validateAbc123. does not exist. {"exception":"[object] (BadMethodCallException(code: 0): Method Illuminate\\Validation\\Validator::validateAbc123. does not exist. at E:\\Fate\\UKM\\BNCC\\Backend BNCC\\LnT Mid Project\\LnTMidProject_BE-I_Fatecha Rizqi Putra Prasetyo\\LnTMidProject\\vendor\\laravel\\framework\\src\\Illuminate\\Validation\\Validator.php:1631)
[stacktrace]
#0 E:\\Fate\\UKM\\BNCC\\Backend BNCC\\LnT Mid Project\\LnTMidProject_BE-I_Fatecha Rizqi Putra Prasetyo\\LnTMidProject\\vendor\\laravel\\framework\\src\\Illuminate\\Validation\\Validator.php(657): Illuminate\\Validation\\Validator->__call('validateAbc123.', Array)
#1 E:\\Fate\\UKM\\BNCC\\Backend BNCC\\LnT Mid Project\\LnTMidProject_BE-I_Fatecha Rizqi Putra Prasetyo\\LnTMidProject\\vendor\\laravel\\framework\\src\\Illuminate\\Validation\\Validator.php(457): Illuminate\\Validation\\Validator->validateAttribute('password', 'Abc123.')
#2 E:\\Fate\\UKM\\BNCC\\Backend BNCC\\LnT Mid Project\\LnTMidProject_BE-I_Fatecha Rizqi Putra Prasetyo\\LnTMidProject\\vendor\\laravel\\framework\\src\\Illuminate\\Validation\\Validator.php(492): Illuminate\\Validation\\Validator->passes()
#3 E:\\Fate\\UKM\\BNCC\\Backend BNCC\\LnT Mid Project\\LnTMidProject_BE-I_Fatecha Rizqi Putra Prasetyo\\LnTMidProject\\vendor\\laravel\\framework\\src\\Illuminate\\Validation\\Validator.php(534): Illuminate\\Validation\\Validator->fails()
#4 E:\\Fate\\UKM\\BNCC\\Backend BNCC\\LnT Mid Project\\LnTMidProject_BE-I_Fatecha Rizqi Putra Prasetyo\\LnTMidProject\\vendor\\laravel\\framework\\src\\Illuminate\\Foundation\\Providers\\FoundationServiceProvider.php(124): Illuminate\\Validation\\Validator->validate()
#5 E:\\Fate\\UKM\\BNCC\\Backend BNCC\\LnT Mid Project\\LnTMidProject_BE-I_Fatecha Rizqi Putra Prasetyo\\LnTMidProject\\vendor\\laravel\\framework\\src\\Illuminate\\Macroable\\Traits\\Macroable.php(123): Illuminate\\Http\\Request->Illuminate\\Foundation\\Providers\\{closure}(Array)
#6 E:\\Fate\\UKM\\BNCC\\Backend BNCC\\LnT Mid Project\\LnTMidProject_BE-I_Fatecha Rizqi Putra Prasetyo\\LnTMidProject\\app\\Http\\Controllers\\LoginController.php(12): Illuminate\\Http\\Request->__call('validate', Array)
#7 E:\\Fate\\UKM\\BNCC\\Backend BNCC\\LnT Mid Project\\LnTMidProject_BE-I_Fatecha Rizqi Putra Prasetyo\\LnTMidProject\\vendor\\laravel\\framework\\src\\Illuminate\\Routing\\Controller.php(54): App\\Http\\Controllers\\LoginController->authenticate(Object(Illuminate\\Http\\Request))
#8 E:\\Fate\\UKM\\BNCC\\Backend BNCC\\LnT Mid Project\\LnTMidProject_BE-I_Fatecha Rizqi Putra Prasetyo\\LnTMidProject\\vendor\\laravel\\framework\\src\\Illuminate\\Routing\\ControllerDispatcher.php(43): Illuminate\\Routing\\Controller->callAction('authenticate', Array)
#9 E:\\Fate\\UKM\\BNCC\\Backend BNCC\\LnT Mid Project\\LnTMidProject_BE-I_Fatecha Rizqi Putra Prasetyo\\LnTMidProject\\vendor\\laravel\\framework\\src\\Illuminate\\Routing\\Route.php(259): Illuminate\\Routing\\ControllerDispatcher->dispatch(Object(Illuminate\\Routing\\Route), Object(App\\Http\\Controllers\\LoginController), 'authenticate')
#10 E:\\Fate\\UKM\\BNCC\\Backend BNCC\\LnT Mid Project\\LnTMidProject_BE-I_Fatecha Rizqi Putra Prasetyo\\LnTMidProject\\vendor\\laravel\\framework\\src\\Illuminate\\Routing\\Route.php(205): Illuminate\\Routing\\Route->runController()
#11 E:\\Fate\\UKM\\BNCC\\Backend BNCC\\LnT Mid Project\\LnTMidProject_BE-I_Fatecha Rizqi Putra Prasetyo\\LnTMidProject\\vendor\\laravel\\framework\\src\\Illuminate\\Routing\\Router.php(806): Illuminate\\Routing\\Route->run()
#12 E:\\Fate\\UKM\\BNCC\\Backend BNCC\\LnT Mid Project\\LnTMidProject_BE-I_Fatecha Rizqi Putra Prasetyo\\LnTMidProject\\vendor\\laravel\\framework\\src\\Illuminate\\Pipeline\\Pipeline.php(144): Illuminate\\Routing\\Router->Illuminate\\Routing\\{closure}(Object(Illuminate\\Http\\Request))
#13 E:\\Fate\\UKM\\BNCC\\Backend BNCC\\LnT Mid Project\\LnTMidProject_BE-I_Fatecha Rizqi Putra Prasetyo\\LnTMidProject\\vendor\\laravel\\framework\\src\\Illuminate\\Routing\\Middleware\\SubstituteBindings.php(50): Illuminate\\Pipeline\\Pipeline->Illuminate\\Pipeline\\{closure}(Object(Illuminate\\Http\\Request))
#14 E:\\Fate\\UKM\\BNCC\\Backend BNCC\\LnT Mid Project\\LnTMidProject_BE-I_Fatecha Rizqi Putra Prasetyo\\LnTMidProject\\vendor\\laravel\\framework\\src\\Illuminate\\Pipeline\\Pipeline.php(183): Illuminate\\Routing\\Middleware\\SubstituteBindings->handle(Object(Illuminate\\Http\\Request), Object(Closure))
#15 E:\\Fate\\UKM\\BNCC\\Backend BNCC\\LnT Mid Project\\LnTMidProject_BE-I_Fatecha Rizqi Putra Prasetyo\\LnTMidProject\\vendor\\laravel\\framework\\src\\Illuminate\\Foundation\\Http\\Middleware\\VerifyCsrfToken.php(78): Illuminate\\Pipeline\\Pipeline->Illuminate\\Pipeline\\{closure}(Object(Illuminate\\Http\\Request))
#16 E:\\Fate\\UKM\\BNCC\\Backend BNCC\\LnT Mid Project\\LnTMidProject_BE-I_Fatecha Rizqi Putra Prasetyo\\LnTMidProject\\vendor\\laravel\\framework\\src\\Illuminate\\Pipeline\\Pipeline.php(183): Illuminate\\Foundation\\Http\\Middleware\\VerifyCsrfToken->handle(Object(Illuminate\\Http\\Request), Object(Closure))
#17 E:\\Fate\\UKM\\BNCC\\Backend BNCC\\LnT Mid Project\\LnTMidProject_BE-I_Fatecha Rizqi Putra Prasetyo\\LnTMidProject\\vendor\\laravel\\framework\\src\\Illuminate\\View\\Middleware\\ShareErrorsFromSession.php(49): Illuminate\\Pipeline\\Pipeline->Illuminate\\Pipeline\\{closure}(Object(Illuminate\\Http\\Request))
#18 E:\\Fate\\UKM\\BNCC\\Backend BNCC\\LnT Mid Project\\LnTMidProject_BE-I_Fatecha Rizqi Putra Prasetyo\\LnTMidProject\\vendor\\laravel\\framework\\src\\Illuminate\\Pipeline\\Pipeline.php(183): Illuminate\\View\\Middleware\\ShareErrorsFromSession->handle(Object(Illuminate\\Http\\Request), Object(Closure))
#19 E:\\Fate\\UKM\\BNCC\\Backend BNCC\\LnT Mid Project\\LnTMidProject_BE-I_Fatecha Rizqi Putra Prasetyo\\LnTMidProject\\vendor\\laravel\\framework\\src\\Illuminate\\Session\\Middleware\\StartSession.php(121): Illuminate\\Pipeline\\Pipeline->Illuminate\\Pipeline\\{closure}(Object(Illuminate\\Http\\Request))
#20 E:\\Fate\\UKM\\BNCC\\Backend BNCC\\LnT Mid Project\\LnTMidProject_BE-I_Fatecha Rizqi Putra Prasetyo\\LnTMidProject\\vendor\\laravel\\framework\\src\\Illuminate\\Session\\Middleware\\StartSession.php(64): Illuminate\\Session\\Middleware\\StartSession->handleStatefulRequest(Object(Illuminate\\Http\\Request), Object(Illuminate\\Session\\Store), Object(Closure))
#21 E:\\Fate\\UKM\\BNCC\\Backend BNCC\\LnT Mid Project\\LnTMidProject_BE-I_Fatecha Rizqi Putra Prasetyo\\LnTMidProject\\vendor\\laravel\\framework\\src\\Illuminate\\Pipeline\\Pipeline.php(183): Illuminate\\Session\\Middleware\\StartSession->handle(Object(Illuminate\\Http\\Request), Object(Closure))
#22 E:\\Fate\\UKM\\BNCC\\Backend BNCC\\LnT Mid Project\\LnTMidProject_BE-I_Fatecha Rizqi Putra Prasetyo\\LnTMidProject\\vendor\\laravel\\framework\\src\\Illuminate\\Cookie\\Middleware\\AddQueuedCookiesToResponse.php(37): Illuminate\\Pipeline\\Pipeline->Illuminate\\Pipeline\\{closure}(Object(Illuminate\\Http\\Request))
#23 E:\\Fate\\UKM\\BNCC\\Backend BNCC\\LnT Mid Project\\LnTMidProject_BE-I_Fatecha Rizqi Putra Prasetyo\\LnTMidProject\\vendor\\laravel\\framework\\src\\Illuminate\\Pipeline\\Pipeline.php(183): Illuminate\\Cookie\\Middleware\\AddQueuedCookiesToResponse->handle(Object(Illuminate\\Http\\Request), Object(Closure))
#24 E:\\Fate\\UKM\\BNCC\\Backend BNCC\\LnT Mid Project\\LnTMidProject_BE-I_Fatecha Rizqi Putra Prasetyo\\LnTMidProject\\vendor\\laravel\\framework\\src\\Illuminate\\Cookie\\Middleware\\EncryptCookies.php(67): Illuminate\\Pipeline\\Pipeline->Illuminate\\Pipeline\\{closure}(Object(Illuminate\\Http\\Request))
#25 E:\\Fate\\UKM\\BNCC\\Backend BNCC\\LnT Mid Project\\LnTMidProject_BE-I_Fatecha Rizqi Putra Prasetyo\\LnTMidProject\\vendor\\laravel\\framework\\src\\Illuminate\\Pipeline\\Pipeline.php(183): Illuminate\\Cookie\\Middleware\\EncryptCookies->handle(Object(Illuminate\\Http\\Request), Object(Closure))
#26 E:\\Fate\\UKM\\BNCC\\Backend BNCC\\LnT Mid Project\\LnTMidProject_BE-I_Fatecha Rizqi Putra Prasetyo\\LnTMidProject\\vendor\\laravel\\framework\\src\\Illuminate\\Pipeline\\Pipeline.php(119): Illuminate\\Pipeline\\Pipeline->Illuminate\\Pipeline\\{closure}(Object(Illuminate\\Http\\Request))
#27 E:\\Fate\\UKM\\BNCC\\Backend BNCC\\LnT Mid Project\\LnTMidProject_BE-I_Fatecha Rizqi Putra Prasetyo\\LnTMidProject\\vendor\\laravel\\framework\\src\\Illuminate\\Routing\\Router.php(805): Illuminate\\Pipeline\\Pipeline->then(Object(Closure))
#28 E:\\Fate\\UKM\\BNCC\\Backend BNCC\\LnT Mid Project\\LnTMidProject_BE-I_Fatecha Rizqi Putra Prasetyo\\LnTMidProject\\vendor\\laravel\\framework\\src\\Illuminate\\Routing\\Router.php(784): Illuminate\\Routing\\Router->runRouteWithinStack(Object(Illuminate\\Routing\\Route), Object(Illuminate\\Http\\Request))
#29 E:\\Fate\\UKM\\BNCC\\Backend BNCC\\LnT Mid Project\\LnTMidProject_BE-I_Fatecha Rizqi Putra Prasetyo\\LnTMidProject\\vendor\\laravel\\framework\\src\\Illuminate\\Routing\\Router.php(748): Illuminate\\Routing\\Router->runRoute(Object(Illuminate\\Http\\Request), Object(Illuminate\\Routing\\Route))
#30 E:\\Fate\\UKM\\BNCC\\Backend BNCC\\LnT Mid Project\\LnTMidProject_BE-I_Fatecha Rizqi Putra Prasetyo\\LnTMidProject\\vendor\\laravel\\framework\\src\\Illuminate\\Routing\\Router.php(737): Illuminate\\Routing\\Router->dispatchToRoute(Object(Illuminate\\Http\\Request))
#31 E:\\Fate\\UKM\\BNCC\\Backend BNCC\\LnT Mid Project\\LnTMidProject_BE-I_Fatecha Rizqi Putra Prasetyo\\LnTMidProject\\vendor\\laravel\\framework\\src\\Illuminate\\Foundation\\Http\\Kernel.php(200): Illuminate\\Routing\\Router->dispatch(Object(Illuminate\\Http\\Request))
#32 E:\\Fate\\UKM\\BNCC\\Backend BNCC\\LnT Mid Project\\LnTMidProject_BE-I_Fatecha Rizqi Putra Prasetyo\\LnTMidProject\\vendor\\laravel\\framework\\src\\Illuminate\\Pipeline\\Pipeline.php(144): Illuminate\\Foundation\\Http\\Kernel->Illuminate\\Foundation\\Http\\{closure}(Object(Illuminate\\Http\\Request))
#33 E:\\Fate\\UKM\\BNCC\\Backend BNCC\\LnT Mid Project\\LnTMidProject_BE-I_Fatecha Rizqi Putra Prasetyo\\LnTMidProject\\vendor\\laravel\\framework\\src\\Illuminate\\Foundation\\Http\\Middleware\\TransformsRequest.php(21): Illuminate\\Pipeline\\Pipeline->Illuminate\\Pipeline\\{closure}(Object(Illuminate\\Http\\Request))
#34 E:\\Fate\\UKM\\BNCC\\Backend BNCC\\LnT Mid Project\\LnTMidProject_BE-I_Fatecha Rizqi Putra Prasetyo\\LnTMidProject\\vendor\\laravel\\framework\\src\\Illuminate\\Foundation\\Http\\Middleware\\ConvertEmptyStringsToNull.php(31): Illuminate\\Foundation\\Http\\Middleware\\TransformsRequest->handle(Object(Illuminate\\Http\\Request), Object(Closure))
#35 E:\\Fate\\UKM\\BNCC\\Backend BNCC\\LnT Mid Project\\LnTMidProject_BE-I_Fatecha Rizqi Putra Prasetyo\\LnTMidProject\\vendor\\laravel\\framework\\src\\Illuminate\\Pipeline\\Pipeline.php(183): Illuminate\\Foundation\\Http\\Middleware\\ConvertEmptyStringsToNull->handle(Object(Illuminate\\Http\\Request), Object(Closure))
#36 E:\\Fate\\UKM\\BNCC\\Backend BNCC\\LnT Mid Project\\LnTMidProject_BE-I_Fatecha Rizqi Putra Prasetyo\\LnTMidProject\\vendor\\laravel\\framework\\src\\Illuminate\\Foundation\\Http\\Middleware\\TransformsRequest.php(21): Illuminate\\Pipeline\\Pipeline->Illuminate\\Pipeline\\{closure}(Object(Illuminate\\Http\\Request))
#37 E:\\Fate\\UKM\\BNCC\\Backend BNCC\\LnT Mid Project\\LnTMidProject_BE-I_Fatecha Rizqi Putra Prasetyo\\LnTMidProject\\vendor\\laravel\\framework\\src\\Illuminate\\Foundation\\Http\\Middleware\\TrimStrings.php(40): Illuminate\\Foundation\\Http\\Middleware\\TransformsRequest->handle(Object(Illuminate\\Http\\Request), Object(Closure))
#38 E:\\Fate\\UKM\\BNCC\\Backend BNCC\\LnT Mid Project\\LnTMidProject_BE-I_Fatecha Rizqi Putra Prasetyo\\LnTMidProject\\vendor\\laravel\\framework\\src\\Illuminate\\Pipeline\\Pipeline.php(183): Illuminate\\Foundation\\Http\\Middleware\\TrimStrings->handle(Object(Illuminate\\Http\\Request), Object(Closure))
#39 E:\\Fate\\UKM\\BNCC\\Backend BNCC\\LnT Mid Project\\LnTMidProject_BE-I_Fatecha Rizqi Putra Prasetyo\\LnTMidProject\\vendor\\laravel\\framework\\src\\Illuminate\\Foundation\\Http\\Middleware\\ValidatePostSize.php(27): Illuminate\\Pipeline\\Pipeline->Illuminate\\Pipeline\\{closure}(Object(Illuminate\\Http\\Request))
#40 E:\\Fate\\UKM\\BNCC\\Backend BNCC\\LnT Mid Project\\LnTMidProject_BE-I_Fatecha Rizqi Putra Prasetyo\\LnTMidProject\\vendor\\laravel\\framework\\src\\Illuminate\\Pipeline\\Pipeline.php(183): Illuminate\\Foundation\\Http\\Middleware\\ValidatePostSize->handle(Object(Illuminate\\Http\\Request), Object(Closure))
#41 E:\\Fate\\UKM\\BNCC\\Backend BNCC\\LnT Mid Project\\LnTMidProject_BE-I_Fatecha Rizqi Putra Prasetyo\\LnTMidProject\\vendor\\laravel\\framework\\src\\Illuminate\\Foundation\\Http\\Middleware\\PreventRequestsDuringMaintenance.php(99): Illuminate\\Pipeline\\Pipeline->Illuminate\\Pipeline\\{closure}(Object(Illuminate\\Http\\Request))
#42 E:\\Fate\\UKM\\BNCC\\Backend BNCC\\LnT Mid Project\\LnTMidProject_BE-I_Fatecha Rizqi Putra Prasetyo\\LnTMidProject\\vendor\\laravel\\framework\\src\\Illuminate\\Pipeline\\Pipeline.php(183): Illuminate\\Foundation\\Http\\Middleware\\PreventRequestsDuringMaintenance->handle(Object(Illuminate\\Http\\Request), Object(Closure))
#43 E:\\Fate\\UKM\\BNCC\\Backend BNCC\\LnT Mid Project\\LnTMidProject_BE-I_Fatecha Rizqi Putra Prasetyo\\LnTMidProject\\vendor\\laravel\\framework\\src\\Illuminate\\Http\\Middleware\\HandleCors.php(49): Illuminate\\Pipeline\\Pipeline->Illuminate\\Pipeline\\{closure}(Object(Illuminate\\Http\\Request))
#44 E:\\Fate\\UKM\\BNCC\\Backend BNCC\\LnT Mid Project\\LnTMidProject_BE-I_Fatecha Rizqi Putra Prasetyo\\LnTMidProject\\vendor\\laravel\\framework\\src\\Illuminate\\Pipeline\\Pipeline.php(183): Illuminate\\Http\\Middleware\\HandleCors->handle(Object(Illuminate\\Http\\Request), Object(Closure))
#45 E:\\Fate\\UKM\\BNCC\\Backend BNCC\\LnT Mid Project\\LnTMidProject_BE-I_Fatecha Rizqi Putra Prasetyo\\LnTMidProject\\vendor\\laravel\\framework\\src\\Illuminate\\Http\\Middleware\\TrustProxies.php(39): Illuminate\\Pipeline\\Pipeline->Illuminate\\Pipeline\\{closure}(Object(Illuminate\\Http\\Request))
#46 E:\\Fate\\UKM\\BNCC\\Backend BNCC\\LnT Mid Project\\LnTMidProject_BE-I_Fatecha Rizqi Putra Prasetyo\\LnTMidProject\\vendor\\laravel\\framework\\src\\Illuminate\\Pipeline\\Pipeline.php(183): Illuminate\\Http\\Middleware\\TrustProxies->handle(Object(Illuminate\\Http\\Request), Object(Closure))
#47 E:\\Fate\\UKM\\BNCC\\Backend BNCC\\LnT Mid Project\\LnTMidProject_BE-I_Fatecha Rizqi Putra Prasetyo\\LnTMidProject\\vendor\\laravel\\framework\\src\\Illuminate\\Pipeline\\Pipeline.php(119): Illuminate\\Pipeline\\Pipeline->Illuminate\\Pipeline\\{closure}(Object(Illuminate\\Http\\Request))
#48 E:\\Fate\\UKM\\BNCC\\Backend BNCC\\LnT Mid Project\\LnTMidProject_BE-I_Fatecha Rizqi Putra Prasetyo\\LnTMidProject\\vendor\\laravel\\framework\\src\\Illuminate\\Foundation\\Http\\Kernel.php(175): Illuminate\\Pipeline\\Pipeline->then(Object(Closure))
#49 E:\\Fate\\UKM\\BNCC\\Backend BNCC\\LnT Mid Project\\LnTMidProject_BE-I_Fatecha Rizqi Putra Prasetyo\\LnTMidProject\\vendor\\laravel\\framework\\src\\Illuminate\\Foundation\\Http\\Kernel.php(144): Illuminate\\Foundation\\Http\\Kernel->sendRequestThroughRouter(Object(Illuminate\\Http\\Request))
#50 E:\\Fate\\UKM\\BNCC\\Backend BNCC\\LnT Mid Project\\LnTMidProject_BE-I_Fatecha Rizqi Putra Prasetyo\\LnTMidProject\\public\\index.php(51): Illuminate\\Foundation\\Http\\Kernel->handle(Object(Illuminate\\Http\\Request))
#51 E:\\Fate\\UKM\\BNCC\\Backend BNCC\\LnT Mid Project\\LnTMidProject_BE-I_Fatecha Rizqi Putra Prasetyo\\LnTMidProject\\vendor\\laravel\\framework\\src\\Illuminate\\Foundation\\resources\\server.php(16): require_once('E:\\\\Fate\\\\UKM\\\\BNC...')
#52 {main}
"} 
